d:\documents\making_game\programming_lesson_06\soloud20181119\build\vs2017\debug\debug\soloudstatic\soloud_sfxr.obj
d:\documents\making_game\programming_lesson_06\soloud20181119\build\vs2017\debug\debug\soloudstatic\sid.obj
d:\documents\making_game\programming_lesson_06\soloud20181119\build\vs2017\debug\debug\soloudstatic\ted.obj
d:\documents\making_game\programming_lesson_06\soloud20181119\build\vs2017\debug\debug\soloudstatic\soloud_vizsn.obj
d:\documents\making_game\programming_lesson_06\soloud20181119\build\vs2017\debug\debug\soloudstatic\soloud_bassboostfilter.obj
d:\documents\making_game\programming_lesson_06\soloud20181119\build\vs2017\debug\debug\soloudstatic\soloud_fftfilter.obj
d:\documents\making_game\programming_lesson_06\soloud20181119\build\vs2017\debug\debug\soloudstatic\soloud_waveshaperfilter.obj
d:\documents\making_game\programming_lesson_06\soloud20181119\build\vs2017\debug\debug\soloudstatic\soloud_bus.obj
d:\documents\making_game\programming_lesson_06\soloud20181119\build\vs2017\debug\debug\soloudstatic\soloud_core_filterops.obj
d:\documents\making_game\programming_lesson_06\soloud20181119\build\vs2017\debug\debug\soloudstatic\soloud_core_voiceops.obj
d:\documents\making_game\programming_lesson_06\soloud20181119\build\vs2017\debug\debug\soloudstatic\soloud_filter.obj
d:\documents\making_game\programming_lesson_06\soloud20181119\build\vs2017\debug\debug\soloudstatic\soloud_null.obj
d:\documents\making_game\programming_lesson_06\soloud20181119\build\vs2017\debug\debug\soloudstatic\darray.obj
d:\documents\making_game\programming_lesson_06\soloud20181119\build\vs2017\debug\debug\soloudstatic\klatt.obj
d:\documents\making_game\programming_lesson_06\soloud20181119\build\vs2017\debug\debug\soloudstatic\tts.obj
d:\documents\making_game\programming_lesson_06\soloud20181119\build\vs2017\debug\debug\soloudstatic\soloud_vic.obj
d:\documents\making_game\programming_lesson_06\soloud20181119\build\vs2017\debug\debug\soloudstatic\soloud_wavstream.obj
d:\documents\making_game\programming_lesson_06\soloud20181119\build\vs2017\debug\debug\soloudstatic\soloud_echofilter.obj
d:\documents\making_game\programming_lesson_06\soloud20181119\build\vs2017\debug\debug\soloudstatic\soloud_robotizefilter.obj
d:\documents\making_game\programming_lesson_06\soloud20181119\build\vs2017\debug\debug\soloudstatic\soloud_core_3d.obj
d:\documents\making_game\programming_lesson_06\soloud20181119\build\vs2017\debug\debug\soloudstatic\soloud_core_getters.obj
d:\documents\making_game\programming_lesson_06\soloud20181119\build\vs2017\debug\debug\soloudstatic\soloud_fader.obj
d:\documents\making_game\programming_lesson_06\soloud20181119\build\vs2017\debug\debug\soloudstatic\soloud_queue.obj
d:\documents\making_game\programming_lesson_06\soloud20181119\build\vs2017\debug\debug\soloudstatic\soloud_monotone.obj
d:\documents\making_game\programming_lesson_06\soloud20181119\build\vs2017\debug\debug\soloudstatic\resonator.obj
d:\documents\making_game\programming_lesson_06\soloud20181119\build\vs2017\debug\debug\soloudstatic\soloud_tedsid.obj
d:\documents\making_game\programming_lesson_06\soloud20181119\build\vs2017\debug\debug\soloudstatic\soloud_wav.obj
d:\documents\making_game\programming_lesson_06\soloud20181119\build\vs2017\debug\debug\soloudstatic\soloud_dcremovalfilter.obj
d:\documents\making_game\programming_lesson_06\soloud20181119\build\vs2017\debug\debug\soloudstatic\soloud_lofifilter.obj
d:\documents\making_game\programming_lesson_06\soloud20181119\build\vs2017\debug\debug\soloudstatic\soloud_audiosource.obj
d:\documents\making_game\programming_lesson_06\soloud20181119\build\vs2017\debug\debug\soloudstatic\soloud_core_faderops.obj
d:\documents\making_game\programming_lesson_06\soloud20181119\build\vs2017\debug\debug\soloudstatic\soloud_core_voicegroup.obj
d:\documents\making_game\programming_lesson_06\soloud20181119\build\vs2017\debug\debug\soloudstatic\soloud_fft_lut.obj
d:\documents\making_game\programming_lesson_06\soloud20181119\build\vs2017\debug\debug\soloudstatic\soloud_file.obj
d:\documents\making_game\programming_lesson_06\soloud20181119\build\vs2017\debug\debug\soloudstatic\soloud_winmm.obj
d:\documents\making_game\programming_lesson_06\soloud20181119\build\vs2017\debug\debug\soloudstatic\soloud_openmpt.obj
d:\documents\making_game\programming_lesson_06\soloud20181119\build\vs2017\debug\debug\soloudstatic\soloud_speech.obj
d:\documents\making_game\programming_lesson_06\soloud20181119\build\vs2017\debug\debug\soloudstatic\dr_impl.obj
d:\documents\making_game\programming_lesson_06\soloud20181119\build\vs2017\debug\debug\soloudstatic\soloud_biquadresonantfilter.obj
d:\documents\making_game\programming_lesson_06\soloud20181119\build\vs2017\debug\debug\soloudstatic\soloud_flangerfilter.obj
d:\documents\making_game\programming_lesson_06\soloud20181119\build\vs2017\debug\debug\soloudstatic\soloud.obj
d:\documents\making_game\programming_lesson_06\soloud20181119\build\vs2017\debug\debug\soloudstatic\soloud_core_basicops.obj
d:\documents\making_game\programming_lesson_06\soloud20181119\build\vs2017\debug\debug\soloudstatic\soloud_core_setters.obj
d:\documents\making_game\programming_lesson_06\soloud20181119\build\vs2017\debug\debug\soloudstatic\soloud_fft.obj
d:\documents\making_game\programming_lesson_06\soloud20181119\build\vs2017\debug\debug\soloudstatic\soloud_thread.obj
d:\documents\making_game\programming_lesson_06\soloud20181119\lib\soloud_static.pdb
d:\documents\making_game\programming_lesson_06\soloud20181119\build\vs2017\debug\debug\soloudstatic\stb_vorbis.obj
d:\documents\making_game\programming_lesson_06\soloud20181119\build\vs2017\debug\debug\soloudstatic\soloud_openmpt_dll.obj
d:\documents\making_game\programming_lesson_06\soloud20181119\lib\soloud_static.lib
d:\documents\making_game\programming_lesson_06\soloud20181119\build\vs2017\..\..\lib\soloud_static.lib
d:\documents\making_game\programming_lesson_06\soloud20181119\build\vs2017\debug\debug\soloudstatic\soloudstatic.tlog\cl.10776.write.1.tlog
d:\documents\making_game\programming_lesson_06\soloud20181119\build\vs2017\debug\debug\soloudstatic\soloudstatic.tlog\cl.command.1.tlog
d:\documents\making_game\programming_lesson_06\soloud20181119\build\vs2017\debug\debug\soloudstatic\soloudstatic.tlog\cl.read.1.tlog
d:\documents\making_game\programming_lesson_06\soloud20181119\build\vs2017\debug\debug\soloudstatic\soloudstatic.tlog\lib-link.read.1.tlog
d:\documents\making_game\programming_lesson_06\soloud20181119\build\vs2017\debug\debug\soloudstatic\soloudstatic.tlog\lib-link.write.1.tlog
d:\documents\making_game\programming_lesson_06\soloud20181119\build\vs2017\debug\debug\soloudstatic\soloudstatic.tlog\lib.command.1.tlog
