d:\documents\making_game\programming_lesson_06\trainingframework\debug-nvidia\vc141.pdb
d:\documents\making_game\programming_lesson_06\trainingframework\debug-nvidia\vc141.idb
d:\documents\making_game\programming_lesson_06\trainingframework\debug-nvidia\maincharacter.obj
d:\documents\making_game\programming_lesson_06\trainingframework\debug-nvidia\spriteanimation.obj
d:\documents\making_game\programming_lesson_06\trainingframework\debug-nvidia\application.obj
d:\documents\making_game\programming_lesson_06\trainingframework\debug-nvidia\resourcemanagers.obj
d:\documents\making_game\programming_lesson_06\trainingframework\debug-nvidia\font.obj
d:\documents\making_game\programming_lesson_06\trainingframework\debug-nvidia\gamebutton.obj
d:\documents\making_game\programming_lesson_06\trainingframework\debug-nvidia\sprite2d.obj
d:\documents\making_game\programming_lesson_06\trainingframework\debug-nvidia\camera.obj
d:\documents\making_game\programming_lesson_06\trainingframework\debug-nvidia\sprite3d.obj
d:\documents\making_game\programming_lesson_06\trainingframework\debug-nvidia\models.obj
d:\documents\making_game\programming_lesson_06\trainingframework\debug-nvidia\shaders.obj
d:\documents\making_game\programming_lesson_06\trainingframework\debug-nvidia\text.obj
d:\documents\making_game\programming_lesson_06\trainingframework\debug-nvidia\texture.obj
d:\documents\making_game\programming_lesson_06\trainingframework\debug-nvidia\gamestatebase.obj
d:\documents\making_game\programming_lesson_06\trainingframework\debug-nvidia\gamestatemachine.obj
d:\documents\making_game\programming_lesson_06\trainingframework\debug-nvidia\gsintro.obj
d:\documents\making_game\programming_lesson_06\trainingframework\debug-nvidia\gsmenu.obj
d:\documents\making_game\programming_lesson_06\trainingframework\debug-nvidia\gsplay.obj
d:\documents\making_game\programming_lesson_06\trainingframework\debug-nvidia\trainingframework.obj
d:\documents\making_game\programming_lesson_06\trainingframework\debug-nvidia\threatplane.obj
d:\documents\making_game\programming_lesson_06\trainingframework\debug-nvidia\bullets.obj
d:\documents\making_game\programming_lesson_06\bin-nvidia\trainingframework.exe
d:\documents\making_game\programming_lesson_06\bin-nvidia\trainingframework.ilk
d:\documents\making_game\programming_lesson_06\bin-nvidia\trainingframework.pdb
d:\documents\making_game\programming_lesson_06\\bin-nvidia\trainingframework.pdb
d:\documents\making_game\programming_lesson_06\\bin-nvidia\trainingframework.exe
d:\documents\making_game\programming_lesson_06\\bin-nvidia\trainingframework.ilk
d:\documents\making_game\programming_lesson_06\trainingframework\debug-nvidia\training.fc024ec8.tlog\cl.command.1.tlog
d:\documents\making_game\programming_lesson_06\trainingframework\debug-nvidia\training.fc024ec8.tlog\cl.read.1.tlog
d:\documents\making_game\programming_lesson_06\trainingframework\debug-nvidia\training.fc024ec8.tlog\cl.write.1.tlog
d:\documents\making_game\programming_lesson_06\trainingframework\debug-nvidia\training.fc024ec8.tlog\link.command.1.tlog
d:\documents\making_game\programming_lesson_06\trainingframework\debug-nvidia\training.fc024ec8.tlog\link.read.1.tlog
d:\documents\making_game\programming_lesson_06\trainingframework\debug-nvidia\training.fc024ec8.tlog\link.write.1.tlog
