cl : Command line warning D9035: option 'Gm' has been deprecated and will be removed in a future release
  GSEnd.cpp
d:\documents\making_game\programming_lesson_06\soloud20181119\include\soloud.h(37): warning C4005: 'WIN32_LEAN_AND_MEAN': macro redefinition
  d:\documents\making_game\programming_lesson_06\include\amd\egl\eglplatform.h(67): note: see previous definition of 'WIN32_LEAN_AND_MEAN'
d:\documents\making_game\programming_lesson_06\trainingframework\src\gamestates\gsend.cpp(31): warning C4244: 'argument': conversion from 'int' to 'GLfloat', possible loss of data
d:\documents\making_game\programming_lesson_06\trainingframework\src\gamestates\gsend.cpp(58): warning C4244: 'argument': conversion from 'int' to 'GLfloat', possible loss of data
c:\program files (x86)\microsoft visual studio\2017\community\vc\tools\msvc\14.16.27023\include\memory(1801): warning C4244: 'argument': conversion from '_Ty' to 'float', possible loss of data
          with
          [
              _Ty=double
          ]
  c:\program files (x86)\microsoft visual studio\2017\community\vc\tools\msvc\14.16.27023\include\memory(1866): note: see reference to function template instantiation 'std::_Ref_count_obj<_Ty>::_Ref_count_obj<std::shared_ptr<Shaders>&,std::shared_ptr<Font>&,std::basic_string<char,std::char_traits<char>,std::allocator<char>>,TEXT_COLOR,double>(std::shared_ptr<Shaders> &,std::shared_ptr<Font> &,std::basic_string<char,std::char_traits<char>,std::allocator<char>> &&,TEXT_COLOR &&,double &&)' being compiled
          with
          [
              _Ty=Text
          ]
  c:\program files (x86)\microsoft visual studio\2017\community\vc\tools\msvc\14.16.27023\include\memory(1866): note: see reference to function template instantiation 'std::_Ref_count_obj<_Ty>::_Ref_count_obj<std::shared_ptr<Shaders>&,std::shared_ptr<Font>&,std::basic_string<char,std::char_traits<char>,std::allocator<char>>,TEXT_COLOR,double>(std::shared_ptr<Shaders> &,std::shared_ptr<Font> &,std::basic_string<char,std::char_traits<char>,std::allocator<char>> &&,TEXT_COLOR &&,double &&)' being compiled
          with
          [
              _Ty=Text
          ]
  d:\documents\making_game\programming_lesson_06\trainingframework\src\gamestates\gsend.cpp(57): note: see reference to function template instantiation 'std::shared_ptr<Text> std::make_shared<Text,std::shared_ptr<Shaders>&,std::shared_ptr<Font>&,std::basic_string<char,std::char_traits<char>,std::allocator<char>>,TEXT_COLOR,double>(std::shared_ptr<Shaders> &,std::shared_ptr<Font> &,std::basic_string<char,std::char_traits<char>,std::allocator<char>> &&,TEXT_COLOR &&,double &&)' being compiled
  TrainingFramework.vcxproj -> D:\documents\making_game\Programming_lesson_06\\BIN-Nvidia\TrainingFramework.exe
